<?xml version="1.0" encoding="UTF-8"?>
<!-- Generated by org.testng.reporters.JUnitReportReporter -->
<testsuite skipped="0" hostname="DESKTOP-LR12QTM" name="Testcase.Logintest" tests="1" failures="0" timestamp="2021-06-02T16:56:02 IST" time="18.129" errors="0">
  <testcase name="loginpage" time="18.129" classname="Testcase.Logintest"/>
  <system-out/>
</testsuite> <!-- Testcase.Logintest -->
