<?xml version="1.0" encoding="UTF-8"?>
<!-- Generated by org.testng.reporters.JUnitReportReporter -->
<testsuite hostname="DESKTOP-LR12QTM" failures="0" tests="1" name="app.All_Apps" time="178.531" errors="0" timestamp="2020-08-07T14:29:39 IST" skipped="0">
  <testcase classname="app.All_Apps" name="Apps" time="178.531"/>
  <system-out/>
</testsuite> <!-- app.All_Apps -->
